# JRE version: Java(TM) SE Runtime Environment (8.0_25-b18) (build 1.8.0_25-b18)
# Java VM: Java HotSpot(TM) 64-Bit Server VM (25.25-b02 mixed mode windows-amd64 compressed oops)
Heap:
 PSYoungGen      total 175104K, used 11251K [0x00000000eb180000, 0x00000000f9d80000, 0x0000000100000000)
  eden space 116736K, 9% used [0x00000000eb180000,0x00000000ebc7cc80,0x00000000f2380000)
  from space 58368K, 0% used [0x00000000f6480000,0x00000000f6480000,0x00000000f9d80000)
  to   space 62464K, 0% used [0x00000000f2380000,0x00000000f2380000,0x00000000f6080000)
 ParOldGen       total 685568K, used 539479K [0x00000000c1400000, 0x00000000eb180000, 0x00000000eb180000)
  object space 685568K, 78% used [0x00000000c1400000,0x00000000e22d5f58,0x00000000eb180000)
 Metaspace       used 10279K, capacity 10428K, committed 10624K, reserved 1058816K
  class space    used 1322K, capacity 1348K, committed 1408K, reserved 1048576K
GC Heap History (10 events):
Event: 57.937 GC heap before
{Heap before GC invocations=128 (full 48):
 PSYoungGen      total 118784K, used 13916K [0x00000000eb180000, 0x00000000fa580000, 0x0000000100000000)
  eden space 116224K, 11% used [0x00000000eb180000,0x00000000ebf173f8,0x00000000f2300000)
  from space 2560K, 0% used [0x00000000f2300000,0x00000000f2300000,0x00000000f2580000)
  to   space 66560K, 0% used [0x00000000f6480000,0x00000000f6480000,0x00000000fa580000)
 ParOldGen       total 685568K, used 674850K [0x00000000c1400000, 0x00000000eb180000, 0x00000000eb180000)
  object space 685568K, 98% used [0x00000000c1400000,0x00000000ea7089a0,0x00000000eb180000)
 Metaspace       used 10157K, capacity 10306K, committed 10368K, reserved 1058816K
  class space    used 1318K, capacity 1349K, committed 1408K, reserved 1048576K
Event: 58.946 GC heap after
Heap after GC invocations=128 (full 48):
 PSYoungGen      total 118784K, used 0K [0x00000000eb180000, 0x00000000fa580000, 0x0000000100000000)
  eden space 116224K, 0% used [0x00000000eb180000,0x00000000eb180000,0x00000000f2300000)
  from space 2560K, 0% used [0x00000000f2300000,0x00000000f2300000,0x00000000f2580000)
  to   space 66560K, 0% used [0x00000000f6480000,0x00000000f6480000,0x00000000fa580000)
 ParOldGen       total 685568K, used 532730K [0x00000000c1400000, 0x00000000eb180000, 0x00000000eb180000)
  object space 685568K, 77% used [0x00000000c1400000,0x00000000e1c3e998,0x00000000eb180000)
 Metaspace       used 10157K, capacity 10306K, committed 10368K, reserved 1058816K
  class space    used 1318K, capacity 1349K, committed 1408K, reserved 1048576K
}
Event: 59.054 GC heap before
{Heap before GC invocations=129 (full 49):
 PSYoungGen      total 118784K, used 13916K [0x00000000eb180000, 0x00000000fa580000, 0x0000000100000000)
  eden space 116224K, 11% used [0x00000000eb180000,0x00000000ebf173b8,0x00000000f2300000)
  from space 2560K, 0% used [0x00000000f2300000,0x00000000f2300000,0x00000000f2580000)
  to   space 66560K, 0% used [0x00000000f6480000,0x00000000f6480000,0x00000000fa580000)
 ParOldGen       total 685568K, used 679319K [0x00000000c1400000, 0x00000000eb180000, 0x00000000eb180000)
  object space 685568K, 99% used [0x00000000c1400000,0x00000000eab65c78,0x00000000eb180000)
 Metaspace       used 10157K, capacity 10306K, committed 10368K, reserved 1058816K
  class space    used 1318K, capacity 1349K, committed 1408K, reserved 1048576K
Event: 60.068 GC heap after
Heap after GC invocations=129 (full 49):
 PSYoungGen      total 118784K, used 0K [0x00000000eb180000, 0x00000000fa580000, 0x0000000100000000)
  eden space 116224K, 0% used [0x00000000eb180000,0x00000000eb180000,0x00000000f2300000)
  from space 2560K, 0% used [0x00000000f2300000,0x00000000f2300000,0x00000000f2580000)
  to   space 66560K, 0% used [0x00000000f6480000,0x00000000f6480000,0x00000000fa580000)
 ParOldGen       total 685568K, used 536174K [0x00000000c1400000, 0x00000000eb180000, 0x00000000eb180000)
  object space 685568K, 78% used [0x00000000c1400000,0x00000000e1f9bb58,0x00000000eb180000)
 Metaspace       used 10157K, capacity 10306K, committed 10368K, reserved 1058816K
  class space    used 1318K, capacity 1349K, committed 1408K, reserved 1048576K
}
Event: 60.172 GC heap before
{Heap before GC invocations=130 (full 50):
 PSYoungGen      total 118784K, used 13916K [0x00000000eb180000, 0x00000000fa580000, 0x0000000100000000)
  eden space 116224K, 11% used [0x00000000eb180000,0x00000000ebf173f8,0x00000000f2300000)
  from space 2560K, 0% used [0x00000000f2300000,0x00000000f2300000,0x00000000f2580000)
  to   space 66560K, 0% used [0x00000000f6480000,0x00000000f6480000,0x00000000fa580000)
 ParOldGen       total 685568K, used 683787K [0x00000000c1400000, 0x00000000eb180000, 0x00000000eb180000)
  object space 685568K, 99% used [0x00000000c1400000,0x00000000eafc2e58,0x00000000eb180000)
 Metaspace       used 10157K, capacity 10306K, committed 10368K, reserved 1058816K
  class space    used 1318K, capacity 1349K, committed 1408K, reserved 1048576K
Event: 61.229 GC heap after
Heap after GC invocations=130 (full 50):
 PSYoungGen      total 118784K, used 0K [0x00000000eb180000, 0x00000000fa580000, 0x0000000100000000)
  eden space 116224K, 0% used [0x00000000eb180000,0x00000000eb180000,0x00000000f2300000)
  from space 2560K, 0% used [0x00000000f2300000,0x00000000f2300000,0x00000000f2580000)
  to   space 66560K, 0% used [0x00000000f6480000,0x00000000f6480000,0x00000000fa580000)
 ParOldGen       total 685568K, used 539619K [0x00000000c1400000, 0x00000000eb180000, 0x00000000eb180000)
  object space 685568K, 78% used [0x00000000c1400000,0x00000000e22f8de8,0x00000000eb180000)
 Metaspace       used 10157K, capacity 10306K, committed 10368K, reserved 1058816K
  class space    used 1318K, capacity 1349K, committed 1408K, reserved 1048576K
}
Event: 61.229 GC heap before
{Heap before GC invocations=131 (full 50):
 PSYoungGen      total 118784K, used 0K [0x00000000eb180000, 0x00000000fa580000, 0x0000000100000000)
  eden space 116224K, 0% used [0x00000000eb180000,0x00000000eb180000,0x00000000f2300000)
  from space 2560K, 0% used [0x00000000f2300000,0x00000000f2300000,0x00000000f2580000)
  to   space 66560K, 0% used [0x00000000f6480000,0x00000000f6480000,0x00000000fa580000)
 ParOldGen       total 685568K, used 539619K [0x00000000c1400000, 0x00000000eb180000, 0x00000000eb180000)
  object space 685568K, 78% used [0x00000000c1400000,0x00000000e22f8de8,0x00000000eb180000)
 Metaspace       used 10157K, capacity 10306K, committed 10368K, reserved 1058816K
  class space    used 1318K, capacity 1349K, committed 1408K, reserved 1048576K
Event: 61.232 GC heap after
Heap after GC invocations=131 (full 50):
 PSYoungGen      total 175104K, used 0K [0x00000000eb180000, 0x00000000f9d80000, 0x0000000100000000)
  eden space 116736K, 0% used [0x00000000eb180000,0x00000000eb180000,0x00000000f2380000)
  from space 58368K, 0% used [0x00000000f6480000,0x00000000f6480000,0x00000000f9d80000)
  to   space 62464K, 0% used [0x00000000f2380000,0x00000000f2380000,0x00000000f6080000)
 ParOldGen       total 685568K, used 539619K [0x00000000c1400000, 0x00000000eb180000, 0x00000000eb180000)
  object space 685568K, 78% used [0x00000000c1400000,0x00000000e22f8de8,0x00000000eb180000)
 Metaspace       used 10157K, capacity 10306K, committed 10368K, reserved 1058816K
  class space    used 1318K, capacity 1349K, committed 1408K, reserved 1048576K
}
Event: 61.232 GC heap before
{Heap before GC invocations=132 (full 51):
 PSYoungGen      total 175104K, used 0K [0x00000000eb180000, 0x00000000f9d80000, 0x0000000100000000)
  eden space 116736K, 0% used [0x00000000eb180000,0x00000000eb180000,0x00000000f2380000)
  from space 58368K, 0% used [0x00000000f6480000,0x00000000f6480000,0x00000000f9d80000)
  to   space 62464K, 0% used [0x00000000f2380000,0x00000000f2380000,0x00000000f6080000)
 ParOldGen       total 685568K, used 539619K [0x00000000c1400000, 0x00000000eb180000, 0x00000000eb180000)
  object space 685568K, 78% used [0x00000000c1400000,0x00000000e22f8de8,0x00000000eb180000)
 Metaspace       used 10157K, capacity 10306K, committed 10368K, reserved 1058816K
  class space    used 1318K, capacity 1349K, committed 1408K, reserved 1048576K
Event: 65.201 GC heap after
Heap after GC invocations=132 (full 51):
 PSYoungGen      total 175104K, used 0K [0x00000000eb180000, 0x00000000f9d80000, 0x0000000100000000)
  eden space 116736K, 0% used [0x00000000eb180000,0x00000000eb180000,0x00000000f2380000)
  from space 58368K, 0% used [0x00000000f6480000,0x00000000f6480000,0x00000000f9d80000)
  to   space 62464K, 0% used [0x00000000f2380000,0x00000000f2380000,0x00000000f6080000)
 ParOldGen       total 685568K, used 539479K [0x00000000c1400000, 0x00000000eb180000, 0x00000000eb180000)
  object space 685568K, 78% used [0x00000000c1400000,0x00000000e22d5f58,0x00000000eb180000)
 Metaspace       used 10153K, capacity 10300K, committed 10368K, reserved 1058816K
  class space    used 1318K, capacity 1348K, committed 1408K, reserved 1048576K
}

