# JRE version: Java(TM) SE Runtime Environment (8.0_25-b18) (build 1.8.0_25-b18)
# Java VM: Java HotSpot(TM) 64-Bit Server VM (25.25-b02 mixed mode windows-amd64 compressed oops)
Heap:
 PSYoungGen      total 116736K, used 10669K [0x00000000eb180000, 0x00000000fa280000, 0x0000000100000000)
  eden space 116224K, 9% used [0x00000000eb180000,0x00000000ebbeb6c0,0x00000000f2300000)
  from space 512K, 0% used [0x00000000f2300000,0x00000000f2300000,0x00000000f2380000)
  to   space 65024K, 0% used [0x00000000f6300000,0x00000000f6300000,0x00000000fa280000)
 ParOldGen       total 685568K, used 539480K [0x00000000c1400000, 0x00000000eb180000, 0x00000000eb180000)
  object space 685568K, 78% used [0x00000000c1400000,0x00000000e22d6020,0x00000000eb180000)
 Metaspace       used 10280K, capacity 10428K, committed 10624K, reserved 1058816K
  class space    used 1323K, capacity 1348K, committed 1408K, reserved 1048576K
GC Heap History (10 events):
Event: 58.430 GC heap before
{Heap before GC invocations=127 (full 48):
 PSYoungGen      total 180736K, used 13948K [0x00000000eb180000, 0x00000000faa00000, 0x0000000100000000)
  eden space 116224K, 12% used [0x00000000eb180000,0x00000000ebf1f310,0x00000000f2300000)
  from space 64512K, 0% used [0x00000000f6b00000,0x00000000f6b00000,0x00000000faa00000)
  to   space 69120K, 0% used [0x00000000f2300000,0x00000000f2300000,0x00000000f6680000)
 ParOldGen       total 685568K, used 674850K [0x00000000c1400000, 0x00000000eb180000, 0x00000000eb180000)
  object space 685568K, 98% used [0x00000000c1400000,0x00000000ea7089a0,0x00000000eb180000)
 Metaspace       used 10161K, capacity 10306K, committed 10368K, reserved 1058816K
  class space    used 1320K, capacity 1349K, committed 1408K, reserved 1048576K
Event: 59.479 GC heap after
Heap after GC invocations=127 (full 48):
 PSYoungGen      total 180736K, used 0K [0x00000000eb180000, 0x00000000faa00000, 0x0000000100000000)
  eden space 116224K, 0% used [0x00000000eb180000,0x00000000eb180000,0x00000000f2300000)
  from space 64512K, 0% used [0x00000000f6b00000,0x00000000f6b00000,0x00000000faa00000)
  to   space 69120K, 0% used [0x00000000f2300000,0x00000000f2300000,0x00000000f6680000)
 ParOldGen       total 685568K, used 532730K [0x00000000c1400000, 0x00000000eb180000, 0x00000000eb180000)
  object space 685568K, 77% used [0x00000000c1400000,0x00000000e1c3e998,0x00000000eb180000)
 Metaspace       used 10161K, capacity 10306K, committed 10368K, reserved 1058816K
  class space    used 1320K, capacity 1349K, committed 1408K, reserved 1048576K
}
Event: 59.591 GC heap before
{Heap before GC invocations=128 (full 49):
 PSYoungGen      total 180736K, used 13948K [0x00000000eb180000, 0x00000000faa00000, 0x0000000100000000)
  eden space 116224K, 12% used [0x00000000eb180000,0x00000000ebf1f2d8,0x00000000f2300000)
  from space 64512K, 0% used [0x00000000f6b00000,0x00000000f6b00000,0x00000000faa00000)
  to   space 69120K, 0% used [0x00000000f2300000,0x00000000f2300000,0x00000000f6680000)
 ParOldGen       total 685568K, used 679319K [0x00000000c1400000, 0x00000000eb180000, 0x00000000eb180000)
  object space 685568K, 99% used [0x00000000c1400000,0x00000000eab65c78,0x00000000eb180000)
 Metaspace       used 10161K, capacity 10306K, committed 10368K, reserved 1058816K
  class space    used 1320K, capacity 1349K, committed 1408K, reserved 1048576K
Event: 60.651 GC heap after
Heap after GC invocations=128 (full 49):
 PSYoungGen      total 180736K, used 0K [0x00000000eb180000, 0x00000000faa00000, 0x0000000100000000)
  eden space 116224K, 0% used [0x00000000eb180000,0x00000000eb180000,0x00000000f2300000)
  from space 64512K, 0% used [0x00000000f6b00000,0x00000000f6b00000,0x00000000faa00000)
  to   space 69120K, 0% used [0x00000000f2300000,0x00000000f2300000,0x00000000f6680000)
 ParOldGen       total 685568K, used 536174K [0x00000000c1400000, 0x00000000eb180000, 0x00000000eb180000)
  object space 685568K, 78% used [0x00000000c1400000,0x00000000e1f9bb58,0x00000000eb180000)
 Metaspace       used 10161K, capacity 10306K, committed 10368K, reserved 1058816K
  class space    used 1320K, capacity 1349K, committed 1408K, reserved 1048576K
}
Event: 60.763 GC heap before
{Heap before GC invocations=129 (full 50):
 PSYoungGen      total 180736K, used 13948K [0x00000000eb180000, 0x00000000faa00000, 0x0000000100000000)
  eden space 116224K, 12% used [0x00000000eb180000,0x00000000ebf1f310,0x00000000f2300000)
  from space 64512K, 0% used [0x00000000f6b00000,0x00000000f6b00000,0x00000000faa00000)
  to   space 69120K, 0% used [0x00000000f2300000,0x00000000f2300000,0x00000000f6680000)
 ParOldGen       total 685568K, used 683787K [0x00000000c1400000, 0x00000000eb180000, 0x00000000eb180000)
  object space 685568K, 99% used [0x00000000c1400000,0x00000000eafc2e58,0x00000000eb180000)
 Metaspace       used 10161K, capacity 10306K, committed 10368K, reserved 1058816K
  class space    used 1320K, capacity 1349K, committed 1408K, reserved 1048576K
Event: 61.837 GC heap after
Heap after GC invocations=129 (full 50):
 PSYoungGen      total 180736K, used 0K [0x00000000eb180000, 0x00000000faa00000, 0x0000000100000000)
  eden space 116224K, 0% used [0x00000000eb180000,0x00000000eb180000,0x00000000f2300000)
  from space 64512K, 0% used [0x00000000f6b00000,0x00000000f6b00000,0x00000000faa00000)
  to   space 69120K, 0% used [0x00000000f2300000,0x00000000f2300000,0x00000000f6680000)
 ParOldGen       total 685568K, used 539619K [0x00000000c1400000, 0x00000000eb180000, 0x00000000eb180000)
  object space 685568K, 78% used [0x00000000c1400000,0x00000000e22f8de8,0x00000000eb180000)
 Metaspace       used 10161K, capacity 10306K, committed 10368K, reserved 1058816K
  class space    used 1320K, capacity 1349K, committed 1408K, reserved 1048576K
}
Event: 61.837 GC heap before
{Heap before GC invocations=130 (full 50):
 PSYoungGen      total 180736K, used 0K [0x00000000eb180000, 0x00000000faa00000, 0x0000000100000000)
  eden space 116224K, 0% used [0x00000000eb180000,0x00000000eb180000,0x00000000f2300000)
  from space 64512K, 0% used [0x00000000f6b00000,0x00000000f6b00000,0x00000000faa00000)
  to   space 69120K, 0% used [0x00000000f2300000,0x00000000f2300000,0x00000000f6680000)
 ParOldGen       total 685568K, used 539619K [0x00000000c1400000, 0x00000000eb180000, 0x00000000eb180000)
  object space 685568K, 78% used [0x00000000c1400000,0x00000000e22f8de8,0x00000000eb180000)
 Metaspace       used 10161K, capacity 10306K, committed 10368K, reserved 1058816K
  class space    used 1320K, capacity 1349K, committed 1408K, reserved 1048576K
Event: 61.840 GC heap after
Heap after GC invocations=130 (full 50):
 PSYoungGen      total 116736K, used 0K [0x00000000eb180000, 0x00000000fa280000, 0x0000000100000000)
  eden space 116224K, 0% used [0x00000000eb180000,0x00000000eb180000,0x00000000f2300000)
  from space 512K, 0% used [0x00000000f2300000,0x00000000f2300000,0x00000000f2380000)
  to   space 65024K, 0% used [0x00000000f6300000,0x00000000f6300000,0x00000000fa280000)
 ParOldGen       total 685568K, used 539619K [0x00000000c1400000, 0x00000000eb180000, 0x00000000eb180000)
  object space 685568K, 78% used [0x00000000c1400000,0x00000000e22f8de8,0x00000000eb180000)
 Metaspace       used 10161K, capacity 10306K, committed 10368K, reserved 1058816K
  class space    used 1320K, capacity 1349K, committed 1408K, reserved 1048576K
}
Event: 61.840 GC heap before
{Heap before GC invocations=131 (full 51):
 PSYoungGen      total 116736K, used 0K [0x00000000eb180000, 0x00000000fa280000, 0x0000000100000000)
  eden space 116224K, 0% used [0x00000000eb180000,0x00000000eb180000,0x00000000f2300000)
  from space 512K, 0% used [0x00000000f2300000,0x00000000f2300000,0x00000000f2380000)
  to   space 65024K, 0% used [0x00000000f6300000,0x00000000f6300000,0x00000000fa280000)
 ParOldGen       total 685568K, used 539619K [0x00000000c1400000, 0x00000000eb180000, 0x00000000eb180000)
  object space 685568K, 78% used [0x00000000c1400000,0x00000000e22f8de8,0x00000000eb180000)
 Metaspace       used 10161K, capacity 10306K, committed 10368K, reserved 1058816K
  class space    used 1320K, capacity 1349K, committed 1408K, reserved 1048576K
Event: 66.542 GC heap after
Heap after GC invocations=131 (full 51):
 PSYoungGen      total 116736K, used 0K [0x00000000eb180000, 0x00000000fa280000, 0x0000000100000000)
  eden space 116224K, 0% used [0x00000000eb180000,0x00000000eb180000,0x00000000f2300000)
  from space 512K, 0% used [0x00000000f2300000,0x00000000f2300000,0x00000000f2380000)
  to   space 65024K, 0% used [0x00000000f6300000,0x00000000f6300000,0x00000000fa280000)
 ParOldGen       total 685568K, used 539480K [0x00000000c1400000, 0x00000000eb180000, 0x00000000eb180000)
  object space 685568K, 78% used [0x00000000c1400000,0x00000000e22d6020,0x00000000eb180000)
 Metaspace       used 10157K, capacity 10300K, committed 10368K, reserved 1058816K
  class space    used 1319K, capacity 1348K, committed 1408K, reserved 1048576K
}

