# JRE version: Java(TM) SE Runtime Environment (8.0_25-b18) (build 1.8.0_25-b18)
# Java VM: Java HotSpot(TM) 64-Bit Server VM (25.25-b02 mixed mode windows-amd64 compressed oops)
Heap:
 PSYoungGen      total 207872K, used 13158K [0x00000000eb180000, 0x00000000f9380000, 0x0000000100000000)
  eden space 187392K, 7% used [0x00000000eb180000,0x00000000ebe599d8,0x00000000f6880000)
  from space 20480K, 0% used [0x00000000f7f80000,0x00000000f7f80000,0x00000000f9380000)
  to   space 22016K, 0% used [0x00000000f6880000,0x00000000f6880000,0x00000000f7e00000)
 ParOldGen       total 685568K, used 496590K [0x00000000c1400000, 0x00000000eb180000, 0x00000000eb180000)
  object space 685568K, 72% used [0x00000000c1400000,0x00000000df8f39b8,0x00000000eb180000)
 Metaspace       used 10271K, capacity 10428K, committed 10624K, reserved 1058816K
  class space    used 1323K, capacity 1348K, committed 1408K, reserved 1048576K
GC Heap History (10 events):
Event: 50.417 GC heap before
{Heap before GC invocations=136 (full 51):
 PSYoungGen      total 210944K, used 14870K [0x00000000eb180000, 0x00000000f9600000, 0x0000000100000000)
  eden space 185856K, 8% used [0x00000000eb180000,0x00000000ec005ad8,0x00000000f6700000)
  from space 25088K, 0% used [0x00000000f6700000,0x00000000f6700000,0x00000000f7f80000)
  to   space 23040K, 0% used [0x00000000f7f80000,0x00000000f7f80000,0x00000000f9600000)
 ParOldGen       total 685568K, used 677755K [0x00000000c1400000, 0x00000000eb180000, 0x00000000eb180000)
  object space 685568K, 98% used [0x00000000c1400000,0x00000000ea9def20,0x00000000eb180000)
 Metaspace       used 10150K, capacity 10306K, committed 10368K, reserved 1058816K
  class space    used 1320K, capacity 1349K, committed 1408K, reserved 1048576K
Event: 51.226 GC heap after
Heap after GC invocations=136 (full 51):
 PSYoungGen      total 210944K, used 0K [0x00000000eb180000, 0x00000000f9600000, 0x0000000100000000)
  eden space 185856K, 0% used [0x00000000eb180000,0x00000000eb180000,0x00000000f6700000)
  from space 25088K, 0% used [0x00000000f6700000,0x00000000f6700000,0x00000000f7f80000)
  to   space 23040K, 0% used [0x00000000f7f80000,0x00000000f7f80000,0x00000000f9600000)
 ParOldGen       total 685568K, used 491709K [0x00000000c1400000, 0x00000000eb180000, 0x00000000eb180000)
  object space 685568K, 71% used [0x00000000c1400000,0x00000000df42f530,0x00000000eb180000)
 Metaspace       used 10150K, capacity 10306K, committed 10368K, reserved 1058816K
  class space    used 1320K, capacity 1349K, committed 1408K, reserved 1048576K
}
Event: 51.343 GC heap before
{Heap before GC invocations=137 (full 52):
 PSYoungGen      total 210944K, used 14870K [0x00000000eb180000, 0x00000000f9600000, 0x0000000100000000)
  eden space 185856K, 8% used [0x00000000eb180000,0x00000000ec005a08,0x00000000f6700000)
  from space 25088K, 0% used [0x00000000f6700000,0x00000000f6700000,0x00000000f7f80000)
  to   space 23040K, 0% used [0x00000000f7f80000,0x00000000f7f80000,0x00000000f9600000)
 ParOldGen       total 685568K, used 681282K [0x00000000c1400000, 0x00000000eb180000, 0x00000000eb180000)
  object space 685568K, 99% used [0x00000000c1400000,0x00000000ead50be8,0x00000000eb180000)
 Metaspace       used 10150K, capacity 10306K, committed 10368K, reserved 1058816K
  class space    used 1320K, capacity 1349K, committed 1408K, reserved 1048576K
Event: 52.161 GC heap after
Heap after GC invocations=137 (full 52):
 PSYoungGen      total 210944K, used 0K [0x00000000eb180000, 0x00000000f9600000, 0x0000000100000000)
  eden space 185856K, 0% used [0x00000000eb180000,0x00000000eb180000,0x00000000f6700000)
  from space 25088K, 0% used [0x00000000f6700000,0x00000000f6700000,0x00000000f7f80000)
  to   space 23040K, 0% used [0x00000000f7f80000,0x00000000f7f80000,0x00000000f9600000)
 ParOldGen       total 685568K, used 494212K [0x00000000c1400000, 0x00000000eb180000, 0x00000000eb180000)
  object space 685568K, 72% used [0x00000000c1400000,0x00000000df6a1130,0x00000000eb180000)
 Metaspace       used 10150K, capacity 10306K, committed 10368K, reserved 1058816K
  class space    used 1320K, capacity 1349K, committed 1408K, reserved 1048576K
}
Event: 52.277 GC heap before
{Heap before GC invocations=138 (full 53):
 PSYoungGen      total 210944K, used 14870K [0x00000000eb180000, 0x00000000f9600000, 0x0000000100000000)
  eden space 185856K, 8% used [0x00000000eb180000,0x00000000ec005a10,0x00000000f6700000)
  from space 25088K, 0% used [0x00000000f6700000,0x00000000f6700000,0x00000000f7f80000)
  to   space 23040K, 0% used [0x00000000f7f80000,0x00000000f7f80000,0x00000000f9600000)
 ParOldGen       total 685568K, used 684809K [0x00000000c1400000, 0x00000000eb180000, 0x00000000eb180000)
  object space 685568K, 99% used [0x00000000c1400000,0x00000000eb0c27e8,0x00000000eb180000)
 Metaspace       used 10150K, capacity 10306K, committed 10368K, reserved 1058816K
  class space    used 1320K, capacity 1349K, committed 1408K, reserved 1048576K
Event: 53.093 GC heap after
Heap after GC invocations=138 (full 53):
 PSYoungGen      total 210944K, used 0K [0x00000000eb180000, 0x00000000f9600000, 0x0000000100000000)
  eden space 185856K, 0% used [0x00000000eb180000,0x00000000eb180000,0x00000000f6700000)
  from space 25088K, 0% used [0x00000000f6700000,0x00000000f6700000,0x00000000f7f80000)
  to   space 23040K, 0% used [0x00000000f7f80000,0x00000000f7f80000,0x00000000f9600000)
 ParOldGen       total 685568K, used 496715K [0x00000000c1400000, 0x00000000eb180000, 0x00000000eb180000)
  object space 685568K, 72% used [0x00000000c1400000,0x00000000df912eb0,0x00000000eb180000)
 Metaspace       used 10150K, capacity 10306K, committed 10368K, reserved 1058816K
  class space    used 1320K, capacity 1349K, committed 1408K, reserved 1048576K
}
Event: 53.093 GC heap before
{Heap before GC invocations=139 (full 53):
 PSYoungGen      total 210944K, used 0K [0x00000000eb180000, 0x00000000f9600000, 0x0000000100000000)
  eden space 185856K, 0% used [0x00000000eb180000,0x00000000eb180000,0x00000000f6700000)
  from space 25088K, 0% used [0x00000000f6700000,0x00000000f6700000,0x00000000f7f80000)
  to   space 23040K, 0% used [0x00000000f7f80000,0x00000000f7f80000,0x00000000f9600000)
 ParOldGen       total 685568K, used 496715K [0x00000000c1400000, 0x00000000eb180000, 0x00000000eb180000)
  object space 685568K, 72% used [0x00000000c1400000,0x00000000df912eb0,0x00000000eb180000)
 Metaspace       used 10150K, capacity 10306K, committed 10368K, reserved 1058816K
  class space    used 1320K, capacity 1349K, committed 1408K, reserved 1048576K
Event: 53.095 GC heap after
Heap after GC invocations=139 (full 53):
 PSYoungGen      total 207872K, used 0K [0x00000000eb180000, 0x00000000f9380000, 0x0000000100000000)
  eden space 187392K, 0% used [0x00000000eb180000,0x00000000eb180000,0x00000000f6880000)
  from space 20480K, 0% used [0x00000000f7f80000,0x00000000f7f80000,0x00000000f9380000)
  to   space 22016K, 0% used [0x00000000f6880000,0x00000000f6880000,0x00000000f7e00000)
 ParOldGen       total 685568K, used 496715K [0x00000000c1400000, 0x00000000eb180000, 0x00000000eb180000)
  object space 685568K, 72% used [0x00000000c1400000,0x00000000df912eb0,0x00000000eb180000)
 Metaspace       used 10150K, capacity 10306K, committed 10368K, reserved 1058816K
  class space    used 1320K, capacity 1349K, committed 1408K, reserved 1048576K
}
Event: 53.095 GC heap before
{Heap before GC invocations=140 (full 54):
 PSYoungGen      total 207872K, used 0K [0x00000000eb180000, 0x00000000f9380000, 0x0000000100000000)
  eden space 187392K, 0% used [0x00000000eb180000,0x00000000eb180000,0x00000000f6880000)
  from space 20480K, 0% used [0x00000000f7f80000,0x00000000f7f80000,0x00000000f9380000)
  to   space 22016K, 0% used [0x00000000f6880000,0x00000000f6880000,0x00000000f7e00000)
 ParOldGen       total 685568K, used 496715K [0x00000000c1400000, 0x00000000eb180000, 0x00000000eb180000)
  object space 685568K, 72% used [0x00000000c1400000,0x00000000df912eb0,0x00000000eb180000)
 Metaspace       used 10150K, capacity 10306K, committed 10368K, reserved 1058816K
  class space    used 1320K, capacity 1349K, committed 1408K, reserved 1048576K
Event: 58.413 GC heap after
Heap after GC invocations=140 (full 54):
 PSYoungGen      total 207872K, used 0K [0x00000000eb180000, 0x00000000f9380000, 0x0000000100000000)
  eden space 187392K, 0% used [0x00000000eb180000,0x00000000eb180000,0x00000000f6880000)
  from space 20480K, 0% used [0x00000000f7f80000,0x00000000f7f80000,0x00000000f9380000)
  to   space 22016K, 0% used [0x00000000f6880000,0x00000000f6880000,0x00000000f7e00000)
 ParOldGen       total 685568K, used 496590K [0x00000000c1400000, 0x00000000eb180000, 0x00000000eb180000)
  object space 685568K, 72% used [0x00000000c1400000,0x00000000df8f39b8,0x00000000eb180000)
 Metaspace       used 10146K, capacity 10300K, committed 10368K, reserved 1058816K
  class space    used 1319K, capacity 1348K, committed 1408K, reserved 1048576K
}

