# JRE version: Java(TM) SE Runtime Environment (8.0_25-b18) (build 1.8.0_25-b18)
# Java VM: Java HotSpot(TM) 64-Bit Server VM (25.25-b02 mixed mode windows-amd64 compressed oops)
Heap:
 PSYoungGen      total 188928K, used 12866K [0x00000000eb180000, 0x00000000f7300000, 0x0000000100000000)
  eden space 179200K, 7% used [0x00000000eb180000,0x00000000ebe10818,0x00000000f6080000)
  from space 9728K, 0% used [0x00000000f6080000,0x00000000f6080000,0x00000000f6a00000)
  to   space 9216K, 0% used [0x00000000f6a00000,0x00000000f6a00000,0x00000000f7300000)
 ParOldGen       total 685568K, used 496584K [0x00000000c1400000, 0x00000000eb180000, 0x00000000eb180000)
  object space 685568K, 72% used [0x00000000c1400000,0x00000000df8f2130,0x00000000eb180000)
 Metaspace       used 10289K, capacity 10428K, committed 10624K, reserved 1058816K
  class space    used 1323K, capacity 1348K, committed 1408K, reserved 1048576K
GC Heap History (10 events):
Event: 59.497 GC heap before
{Heap before GC invocations=156 (full 69):
 PSYoungGen      total 188416K, used 14337K [0x00000000eb180000, 0x00000000f7380000, 0x0000000100000000)
  eden space 179200K, 8% used [0x00000000eb180000,0x00000000ebf80778,0x00000000f6080000)
  from space 9216K, 0% used [0x00000000f6a80000,0x00000000f6a80000,0x00000000f7380000)
  to   space 9728K, 0% used [0x00000000f6080000,0x00000000f6080000,0x00000000f6a00000)
 ParOldGen       total 685568K, used 677749K [0x00000000c1400000, 0x00000000eb180000, 0x00000000eb180000)
  object space 685568K, 98% used [0x00000000c1400000,0x00000000ea9dd748,0x00000000eb180000)
 Metaspace       used 10162K, capacity 10306K, committed 10368K, reserved 1058816K
  class space    used 1320K, capacity 1349K, committed 1408K, reserved 1048576K
Event: 60.289 GC heap after
Heap after GC invocations=156 (full 69):
 PSYoungGen      total 188416K, used 0K [0x00000000eb180000, 0x00000000f7380000, 0x0000000100000000)
  eden space 179200K, 0% used [0x00000000eb180000,0x00000000eb180000,0x00000000f6080000)
  from space 9216K, 0% used [0x00000000f6a80000,0x00000000f6a80000,0x00000000f7380000)
  to   space 9728K, 0% used [0x00000000f6080000,0x00000000f6080000,0x00000000f6a00000)
 ParOldGen       total 685568K, used 491703K [0x00000000c1400000, 0x00000000eb180000, 0x00000000eb180000)
  object space 685568K, 71% used [0x00000000c1400000,0x00000000df42dd58,0x00000000eb180000)
 Metaspace       used 10162K, capacity 10306K, committed 10368K, reserved 1058816K
  class space    used 1320K, capacity 1349K, committed 1408K, reserved 1048576K
}
Event: 60.398 GC heap before
{Heap before GC invocations=157 (full 70):
 PSYoungGen      total 188416K, used 14337K [0x00000000eb180000, 0x00000000f7380000, 0x0000000100000000)
  eden space 179200K, 8% used [0x00000000eb180000,0x00000000ebf80780,0x00000000f6080000)
  from space 9216K, 0% used [0x00000000f6a80000,0x00000000f6a80000,0x00000000f7380000)
  to   space 9728K, 0% used [0x00000000f6080000,0x00000000f6080000,0x00000000f6a00000)
 ParOldGen       total 685568K, used 681277K [0x00000000c1400000, 0x00000000eb180000, 0x00000000eb180000)
  object space 685568K, 99% used [0x00000000c1400000,0x00000000ead4f410,0x00000000eb180000)
 Metaspace       used 10162K, capacity 10306K, committed 10368K, reserved 1058816K
  class space    used 1320K, capacity 1349K, committed 1408K, reserved 1048576K
Event: 61.165 GC heap after
Heap after GC invocations=157 (full 70):
 PSYoungGen      total 188416K, used 0K [0x00000000eb180000, 0x00000000f7380000, 0x0000000100000000)
  eden space 179200K, 0% used [0x00000000eb180000,0x00000000eb180000,0x00000000f6080000)
  from space 9216K, 0% used [0x00000000f6a80000,0x00000000f6a80000,0x00000000f7380000)
  to   space 9728K, 0% used [0x00000000f6080000,0x00000000f6080000,0x00000000f6a00000)
 ParOldGen       total 685568K, used 494206K [0x00000000c1400000, 0x00000000eb180000, 0x00000000eb180000)
  object space 685568K, 72% used [0x00000000c1400000,0x00000000df69f958,0x00000000eb180000)
 Metaspace       used 10162K, capacity 10306K, committed 10368K, reserved 1058816K
  class space    used 1320K, capacity 1349K, committed 1408K, reserved 1048576K
}
Event: 61.278 GC heap before
{Heap before GC invocations=158 (full 71):
 PSYoungGen      total 188416K, used 14337K [0x00000000eb180000, 0x00000000f7380000, 0x0000000100000000)
  eden space 179200K, 8% used [0x00000000eb180000,0x00000000ebf80780,0x00000000f6080000)
  from space 9216K, 0% used [0x00000000f6a80000,0x00000000f6a80000,0x00000000f7380000)
  to   space 9728K, 0% used [0x00000000f6080000,0x00000000f6080000,0x00000000f6a00000)
 ParOldGen       total 685568K, used 684804K [0x00000000c1400000, 0x00000000eb180000, 0x00000000eb180000)
  object space 685568K, 99% used [0x00000000c1400000,0x00000000eb0c1010,0x00000000eb180000)
 Metaspace       used 10162K, capacity 10306K, committed 10368K, reserved 1058816K
  class space    used 1320K, capacity 1349K, committed 1408K, reserved 1048576K
Event: 62.060 GC heap after
Heap after GC invocations=158 (full 71):
 PSYoungGen      total 188416K, used 0K [0x00000000eb180000, 0x00000000f7380000, 0x0000000100000000)
  eden space 179200K, 0% used [0x00000000eb180000,0x00000000eb180000,0x00000000f6080000)
  from space 9216K, 0% used [0x00000000f6a80000,0x00000000f6a80000,0x00000000f7380000)
  to   space 9728K, 0% used [0x00000000f6080000,0x00000000f6080000,0x00000000f6a00000)
 ParOldGen       total 685568K, used 496709K [0x00000000c1400000, 0x00000000eb180000, 0x00000000eb180000)
  object space 685568K, 72% used [0x00000000c1400000,0x00000000df9116d8,0x00000000eb180000)
 Metaspace       used 10162K, capacity 10306K, committed 10368K, reserved 1058816K
  class space    used 1320K, capacity 1349K, committed 1408K, reserved 1048576K
}
Event: 62.060 GC heap before
{Heap before GC invocations=159 (full 71):
 PSYoungGen      total 188416K, used 0K [0x00000000eb180000, 0x00000000f7380000, 0x0000000100000000)
  eden space 179200K, 0% used [0x00000000eb180000,0x00000000eb180000,0x00000000f6080000)
  from space 9216K, 0% used [0x00000000f6a80000,0x00000000f6a80000,0x00000000f7380000)
  to   space 9728K, 0% used [0x00000000f6080000,0x00000000f6080000,0x00000000f6a00000)
 ParOldGen       total 685568K, used 496709K [0x00000000c1400000, 0x00000000eb180000, 0x00000000eb180000)
  object space 685568K, 72% used [0x00000000c1400000,0x00000000df9116d8,0x00000000eb180000)
 Metaspace       used 10162K, capacity 10306K, committed 10368K, reserved 1058816K
  class space    used 1320K, capacity 1349K, committed 1408K, reserved 1048576K
Event: 62.062 GC heap after
Heap after GC invocations=159 (full 71):
 PSYoungGen      total 188928K, used 0K [0x00000000eb180000, 0x00000000f7300000, 0x0000000100000000)
  eden space 179200K, 0% used [0x00000000eb180000,0x00000000eb180000,0x00000000f6080000)
  from space 9728K, 0% used [0x00000000f6080000,0x00000000f6080000,0x00000000f6a00000)
  to   space 9216K, 0% used [0x00000000f6a00000,0x00000000f6a00000,0x00000000f7300000)
 ParOldGen       total 685568K, used 496709K [0x00000000c1400000, 0x00000000eb180000, 0x00000000eb180000)
  object space 685568K, 72% used [0x00000000c1400000,0x00000000df9116d8,0x00000000eb180000)
 Metaspace       used 10162K, capacity 10306K, committed 10368K, reserved 1058816K
  class space    used 1320K, capacity 1349K, committed 1408K, reserved 1048576K
}
Event: 62.062 GC heap before
{Heap before GC invocations=160 (full 72):
 PSYoungGen      total 188928K, used 0K [0x00000000eb180000, 0x00000000f7300000, 0x0000000100000000)
  eden space 179200K, 0% used [0x00000000eb180000,0x00000000eb180000,0x00000000f6080000)
  from space 9728K, 0% used [0x00000000f6080000,0x00000000f6080000,0x00000000f6a00000)
  to   space 9216K, 0% used [0x00000000f6a00000,0x00000000f6a00000,0x00000000f7300000)
 ParOldGen       total 685568K, used 496709K [0x00000000c1400000, 0x00000000eb180000, 0x00000000eb180000)
  object space 685568K, 72% used [0x00000000c1400000,0x00000000df9116d8,0x00000000eb180000)
 Metaspace       used 10162K, capacity 10306K, committed 10368K, reserved 1058816K
  class space    used 1320K, capacity 1349K, committed 1408K, reserved 1048576K
Event: 68.054 GC heap after
Heap after GC invocations=160 (full 72):
 PSYoungGen      total 188928K, used 0K [0x00000000eb180000, 0x00000000f7300000, 0x0000000100000000)
  eden space 179200K, 0% used [0x00000000eb180000,0x00000000eb180000,0x00000000f6080000)
  from space 9728K, 0% used [0x00000000f6080000,0x00000000f6080000,0x00000000f6a00000)
  to   space 9216K, 0% used [0x00000000f6a00000,0x00000000f6a00000,0x00000000f7300000)
 ParOldGen       total 685568K, used 496584K [0x00000000c1400000, 0x00000000eb180000, 0x00000000eb180000)
  object space 685568K, 72% used [0x00000000c1400000,0x00000000df8f2130,0x00000000eb180000)
 Metaspace       used 10158K, capacity 10300K, committed 10368K, reserved 1058816K
  class space    used 1319K, capacity 1348K, committed 1408K, reserved 1048576K
}

