# JRE version: Java(TM) SE Runtime Environment (8.0_25-b18) (build 1.8.0_25-b18)
# Java VM: Java HotSpot(TM) 64-Bit Server VM (25.25-b02 mixed mode windows-amd64 compressed oops)
Heap:
 PSYoungGen      total 185856K, used 13038K [0x00000000eb180000, 0x00000000f6e00000, 0x0000000100000000)
  eden space 179200K, 7% used [0x00000000eb180000,0x00000000ebe3b930,0x00000000f6080000)
  from space 6656K, 0% used [0x00000000f6080000,0x00000000f6080000,0x00000000f6700000)
  to   space 6656K, 0% used [0x00000000f6780000,0x00000000f6780000,0x00000000f6e00000)
 ParOldGen       total 685568K, used 496584K [0x00000000c1400000, 0x00000000eb180000, 0x00000000eb180000)
  object space 685568K, 72% used [0x00000000c1400000,0x00000000df8f2078,0x00000000eb180000)
 Metaspace       used 10273K, capacity 10428K, committed 10624K, reserved 1058816K
  class space    used 1323K, capacity 1348K, committed 1408K, reserved 1048576K
GC Heap History (10 events):
Event: 62.893 GC heap before
{Heap before GC invocations=165 (full 75):
 PSYoungGen      total 185344K, used 14338K [0x00000000eb180000, 0x00000000f6d80000, 0x0000000100000000)
  eden space 179200K, 8% used [0x00000000eb180000,0x00000000ebf80800,0x00000000f6080000)
  from space 6144K, 0% used [0x00000000f6780000,0x00000000f6780000,0x00000000f6d80000)
  to   space 6656K, 0% used [0x00000000f6080000,0x00000000f6080000,0x00000000f6700000)
 ParOldGen       total 685568K, used 677757K [0x00000000c1400000, 0x00000000eb180000, 0x00000000eb180000)
  object space 685568K, 98% used [0x00000000c1400000,0x00000000ea9df690,0x00000000eb180000)
 Metaspace       used 10156K, capacity 10306K, committed 10368K, reserved 1058816K
  class space    used 1320K, capacity 1349K, committed 1408K, reserved 1048576K
Event: 63.657 GC heap after
Heap after GC invocations=165 (full 75):
 PSYoungGen      total 185344K, used 0K [0x00000000eb180000, 0x00000000f6d80000, 0x0000000100000000)
  eden space 179200K, 0% used [0x00000000eb180000,0x00000000eb180000,0x00000000f6080000)
  from space 6144K, 0% used [0x00000000f6780000,0x00000000f6780000,0x00000000f6d80000)
  to   space 6656K, 0% used [0x00000000f6080000,0x00000000f6080000,0x00000000f6700000)
 ParOldGen       total 685568K, used 491711K [0x00000000c1400000, 0x00000000eb180000, 0x00000000eb180000)
  object space 685568K, 71% used [0x00000000c1400000,0x00000000df42fca0,0x00000000eb180000)
 Metaspace       used 10156K, capacity 10306K, committed 10368K, reserved 1058816K
  class space    used 1320K, capacity 1349K, committed 1408K, reserved 1048576K
}
Event: 63.767 GC heap before
{Heap before GC invocations=166 (full 76):
 PSYoungGen      total 185344K, used 14338K [0x00000000eb180000, 0x00000000f6d80000, 0x0000000100000000)
  eden space 179200K, 8% used [0x00000000eb180000,0x00000000ebf80808,0x00000000f6080000)
  from space 6144K, 0% used [0x00000000f6780000,0x00000000f6780000,0x00000000f6d80000)
  to   space 6656K, 0% used [0x00000000f6080000,0x00000000f6080000,0x00000000f6700000)
 ParOldGen       total 685568K, used 681284K [0x00000000c1400000, 0x00000000eb180000, 0x00000000eb180000)
  object space 685568K, 99% used [0x00000000c1400000,0x00000000ead51358,0x00000000eb180000)
 Metaspace       used 10156K, capacity 10306K, committed 10368K, reserved 1058816K
  class space    used 1320K, capacity 1349K, committed 1408K, reserved 1048576K
Event: 64.563 GC heap after
Heap after GC invocations=166 (full 76):
 PSYoungGen      total 185344K, used 0K [0x00000000eb180000, 0x00000000f6d80000, 0x0000000100000000)
  eden space 179200K, 0% used [0x00000000eb180000,0x00000000eb180000,0x00000000f6080000)
  from space 6144K, 0% used [0x00000000f6780000,0x00000000f6780000,0x00000000f6d80000)
  to   space 6656K, 0% used [0x00000000f6080000,0x00000000f6080000,0x00000000f6700000)
 ParOldGen       total 685568K, used 494214K [0x00000000c1400000, 0x00000000eb180000, 0x00000000eb180000)
  object space 685568K, 72% used [0x00000000c1400000,0x00000000df6a18a0,0x00000000eb180000)
 Metaspace       used 10156K, capacity 10306K, committed 10368K, reserved 1058816K
  class space    used 1320K, capacity 1349K, committed 1408K, reserved 1048576K
}
Event: 64.673 GC heap before
{Heap before GC invocations=167 (full 77):
 PSYoungGen      total 185344K, used 14338K [0x00000000eb180000, 0x00000000f6d80000, 0x0000000100000000)
  eden space 179200K, 8% used [0x00000000eb180000,0x00000000ebf80860,0x00000000f6080000)
  from space 6144K, 0% used [0x00000000f6780000,0x00000000f6780000,0x00000000f6d80000)
  to   space 6656K, 0% used [0x00000000f6080000,0x00000000f6080000,0x00000000f6700000)
 ParOldGen       total 685568K, used 684811K [0x00000000c1400000, 0x00000000eb180000, 0x00000000eb180000)
  object space 685568K, 99% used [0x00000000c1400000,0x00000000eb0c2f58,0x00000000eb180000)
 Metaspace       used 10156K, capacity 10306K, committed 10368K, reserved 1058816K
  class space    used 1320K, capacity 1349K, committed 1408K, reserved 1048576K
Event: 65.486 GC heap after
Heap after GC invocations=167 (full 77):
 PSYoungGen      total 185344K, used 0K [0x00000000eb180000, 0x00000000f6d80000, 0x0000000100000000)
  eden space 179200K, 0% used [0x00000000eb180000,0x00000000eb180000,0x00000000f6080000)
  from space 6144K, 0% used [0x00000000f6780000,0x00000000f6780000,0x00000000f6d80000)
  to   space 6656K, 0% used [0x00000000f6080000,0x00000000f6080000,0x00000000f6700000)
 ParOldGen       total 685568K, used 496717K [0x00000000c1400000, 0x00000000eb180000, 0x00000000eb180000)
  object space 685568K, 72% used [0x00000000c1400000,0x00000000df913620,0x00000000eb180000)
 Metaspace       used 10156K, capacity 10306K, committed 10368K, reserved 1058816K
  class space    used 1320K, capacity 1349K, committed 1408K, reserved 1048576K
}
Event: 65.486 GC heap before
{Heap before GC invocations=168 (full 77):
 PSYoungGen      total 185344K, used 0K [0x00000000eb180000, 0x00000000f6d80000, 0x0000000100000000)
  eden space 179200K, 0% used [0x00000000eb180000,0x00000000eb180000,0x00000000f6080000)
  from space 6144K, 0% used [0x00000000f6780000,0x00000000f6780000,0x00000000f6d80000)
  to   space 6656K, 0% used [0x00000000f6080000,0x00000000f6080000,0x00000000f6700000)
 ParOldGen       total 685568K, used 496717K [0x00000000c1400000, 0x00000000eb180000, 0x00000000eb180000)
  object space 685568K, 72% used [0x00000000c1400000,0x00000000df913620,0x00000000eb180000)
 Metaspace       used 10156K, capacity 10306K, committed 10368K, reserved 1058816K
  class space    used 1320K, capacity 1349K, committed 1408K, reserved 1048576K
Event: 65.487 GC heap after
Heap after GC invocations=168 (full 77):
 PSYoungGen      total 185856K, used 0K [0x00000000eb180000, 0x00000000f6e00000, 0x0000000100000000)
  eden space 179200K, 0% used [0x00000000eb180000,0x00000000eb180000,0x00000000f6080000)
  from space 6656K, 0% used [0x00000000f6080000,0x00000000f6080000,0x00000000f6700000)
  to   space 6656K, 0% used [0x00000000f6780000,0x00000000f6780000,0x00000000f6e00000)
 ParOldGen       total 685568K, used 496717K [0x00000000c1400000, 0x00000000eb180000, 0x00000000eb180000)
  object space 685568K, 72% used [0x00000000c1400000,0x00000000df913620,0x00000000eb180000)
 Metaspace       used 10156K, capacity 10306K, committed 10368K, reserved 1058816K
  class space    used 1320K, capacity 1349K, committed 1408K, reserved 1048576K
}
Event: 65.487 GC heap before
{Heap before GC invocations=169 (full 78):
 PSYoungGen      total 185856K, used 0K [0x00000000eb180000, 0x00000000f6e00000, 0x0000000100000000)
  eden space 179200K, 0% used [0x00000000eb180000,0x00000000eb180000,0x00000000f6080000)
  from space 6656K, 0% used [0x00000000f6080000,0x00000000f6080000,0x00000000f6700000)
  to   space 6656K, 0% used [0x00000000f6780000,0x00000000f6780000,0x00000000f6e00000)
 ParOldGen       total 685568K, used 496717K [0x00000000c1400000, 0x00000000eb180000, 0x00000000eb180000)
  object space 685568K, 72% used [0x00000000c1400000,0x00000000df913620,0x00000000eb180000)
 Metaspace       used 10156K, capacity 10306K, committed 10368K, reserved 1058816K
  class space    used 1320K, capacity 1349K, committed 1408K, reserved 1048576K
Event: 69.125 GC heap after
Heap after GC invocations=169 (full 78):
 PSYoungGen      total 185856K, used 0K [0x00000000eb180000, 0x00000000f6e00000, 0x0000000100000000)
  eden space 179200K, 0% used [0x00000000eb180000,0x00000000eb180000,0x00000000f6080000)
  from space 6656K, 0% used [0x00000000f6080000,0x00000000f6080000,0x00000000f6700000)
  to   space 6656K, 0% used [0x00000000f6780000,0x00000000f6780000,0x00000000f6e00000)
 ParOldGen       total 685568K, used 496584K [0x00000000c1400000, 0x00000000eb180000, 0x00000000eb180000)
  object space 685568K, 72% used [0x00000000c1400000,0x00000000df8f2078,0x00000000eb180000)
 Metaspace       used 10152K, capacity 10300K, committed 10368K, reserved 1058816K
  class space    used 1319K, capacity 1348K, committed 1408K, reserved 1048576K
}

