# JRE version: Java(TM) SE Runtime Environment (8.0_25-b18) (build 1.8.0_25-b18)
# Java VM: Java HotSpot(TM) 64-Bit Server VM (25.25-b02 mixed mode windows-amd64 compressed oops)
Heap:
 PSYoungGen      total 197632K, used 12197K [0x00000000eb180000, 0x00000000f8380000, 0x0000000100000000)
  eden space 183296K, 6% used [0x00000000eb180000,0x00000000ebd69480,0x00000000f6480000)
  from space 14336K, 0% used [0x00000000f7580000,0x00000000f7580000,0x00000000f8380000)
  to   space 15872K, 0% used [0x00000000f6480000,0x00000000f6480000,0x00000000f7400000)
 ParOldGen       total 685568K, used 496595K [0x00000000c1400000, 0x00000000eb180000, 0x00000000eb180000)
  object space 685568K, 72% used [0x00000000c1400000,0x00000000df8f4d00,0x00000000eb180000)
 Metaspace       used 10331K, capacity 10492K, committed 10624K, reserved 1058816K
  class space    used 1323K, capacity 1348K, committed 1408K, reserved 1048576K
GC Heap History (10 events):
Event: 61.252 GC heap before
{Heap before GC invocations=151 (full 63):
 PSYoungGen      total 200704K, used 14622K [0x00000000eb180000, 0x00000000f8600000, 0x0000000100000000)
  eden space 182784K, 7% used [0x00000000eb180000,0x00000000ebfc7ab8,0x00000000f6400000)
  from space 17920K, 0% used [0x00000000f6400000,0x00000000f6400000,0x00000000f7580000)
  to   space 16896K, 0% used [0x00000000f7580000,0x00000000f7580000,0x00000000f8600000)
 ParOldGen       total 685568K, used 677760K [0x00000000c1400000, 0x00000000eb180000, 0x00000000eb180000)
  object space 685568K, 98% used [0x00000000c1400000,0x00000000ea9e0198,0x00000000eb180000)
 Metaspace       used 10190K, capacity 10306K, committed 10368K, reserved 1058816K
  class space    used 1320K, capacity 1349K, committed 1408K, reserved 1048576K
Event: 62.079 GC heap after
Heap after GC invocations=151 (full 63):
 PSYoungGen      total 200704K, used 0K [0x00000000eb180000, 0x00000000f8600000, 0x0000000100000000)
  eden space 182784K, 0% used [0x00000000eb180000,0x00000000eb180000,0x00000000f6400000)
  from space 17920K, 0% used [0x00000000f6400000,0x00000000f6400000,0x00000000f7580000)
  to   space 16896K, 0% used [0x00000000f7580000,0x00000000f7580000,0x00000000f8600000)
 ParOldGen       total 685568K, used 491713K [0x00000000c1400000, 0x00000000eb180000, 0x00000000eb180000)
  object space 685568K, 71% used [0x00000000c1400000,0x00000000df4307a8,0x00000000eb180000)
 Metaspace       used 10190K, capacity 10306K, committed 10368K, reserved 1058816K
  class space    used 1320K, capacity 1349K, committed 1408K, reserved 1048576K
}
Event: 62.198 GC heap before
{Heap before GC invocations=152 (full 64):
 PSYoungGen      total 200704K, used 14629K [0x00000000eb180000, 0x00000000f8600000, 0x0000000100000000)
  eden space 182784K, 8% used [0x00000000eb180000,0x00000000ebfc9670,0x00000000f6400000)
  from space 17920K, 0% used [0x00000000f6400000,0x00000000f6400000,0x00000000f7580000)
  to   space 16896K, 0% used [0x00000000f7580000,0x00000000f7580000,0x00000000f8600000)
 ParOldGen       total 685568K, used 681287K [0x00000000c1400000, 0x00000000eb180000, 0x00000000eb180000)
  object space 685568K, 99% used [0x00000000c1400000,0x00000000ead51e60,0x00000000eb180000)
 Metaspace       used 10190K, capacity 10306K, committed 10368K, reserved 1058816K
  class space    used 1320K, capacity 1349K, committed 1408K, reserved 1048576K
Event: 63.034 GC heap after
Heap after GC invocations=152 (full 64):
 PSYoungGen      total 200704K, used 0K [0x00000000eb180000, 0x00000000f8600000, 0x0000000100000000)
  eden space 182784K, 0% used [0x00000000eb180000,0x00000000eb180000,0x00000000f6400000)
  from space 17920K, 0% used [0x00000000f6400000,0x00000000f6400000,0x00000000f7580000)
  to   space 16896K, 0% used [0x00000000f7580000,0x00000000f7580000,0x00000000f8600000)
 ParOldGen       total 685568K, used 494217K [0x00000000c1400000, 0x00000000eb180000, 0x00000000eb180000)
  object space 685568K, 72% used [0x00000000c1400000,0x00000000df6a2478,0x00000000eb180000)
 Metaspace       used 10190K, capacity 10306K, committed 10368K, reserved 1058816K
  class space    used 1320K, capacity 1349K, committed 1408K, reserved 1048576K
}
Event: 63.154 GC heap before
{Heap before GC invocations=153 (full 65):
 PSYoungGen      total 200704K, used 14622K [0x00000000eb180000, 0x00000000f8600000, 0x0000000100000000)
  eden space 182784K, 8% used [0x00000000eb180000,0x00000000ebfc7b00,0x00000000f6400000)
  from space 17920K, 0% used [0x00000000f6400000,0x00000000f6400000,0x00000000f7580000)
  to   space 16896K, 0% used [0x00000000f7580000,0x00000000f7580000,0x00000000f8600000)
 ParOldGen       total 685568K, used 684814K [0x00000000c1400000, 0x00000000eb180000, 0x00000000eb180000)
  object space 685568K, 99% used [0x00000000c1400000,0x00000000eb0c3b30,0x00000000eb180000)
 Metaspace       used 10190K, capacity 10306K, committed 10368K, reserved 1058816K
  class space    used 1320K, capacity 1349K, committed 1408K, reserved 1048576K
Event: 63.987 GC heap after
Heap after GC invocations=153 (full 65):
 PSYoungGen      total 200704K, used 0K [0x00000000eb180000, 0x00000000f8600000, 0x0000000100000000)
  eden space 182784K, 0% used [0x00000000eb180000,0x00000000eb180000,0x00000000f6400000)
  from space 17920K, 0% used [0x00000000f6400000,0x00000000f6400000,0x00000000f7580000)
  to   space 16896K, 0% used [0x00000000f7580000,0x00000000f7580000,0x00000000f8600000)
 ParOldGen       total 685568K, used 496720K [0x00000000c1400000, 0x00000000eb180000, 0x00000000eb180000)
  object space 685568K, 72% used [0x00000000c1400000,0x00000000df9141f8,0x00000000eb180000)
 Metaspace       used 10190K, capacity 10306K, committed 10368K, reserved 1058816K
  class space    used 1320K, capacity 1349K, committed 1408K, reserved 1048576K
}
Event: 63.987 GC heap before
{Heap before GC invocations=154 (full 65):
 PSYoungGen      total 200704K, used 0K [0x00000000eb180000, 0x00000000f8600000, 0x0000000100000000)
  eden space 182784K, 0% used [0x00000000eb180000,0x00000000eb180000,0x00000000f6400000)
  from space 17920K, 0% used [0x00000000f6400000,0x00000000f6400000,0x00000000f7580000)
  to   space 16896K, 0% used [0x00000000f7580000,0x00000000f7580000,0x00000000f8600000)
 ParOldGen       total 685568K, used 496720K [0x00000000c1400000, 0x00000000eb180000, 0x00000000eb180000)
  object space 685568K, 72% used [0x00000000c1400000,0x00000000df9141f8,0x00000000eb180000)
 Metaspace       used 10190K, capacity 10306K, committed 10368K, reserved 1058816K
  class space    used 1320K, capacity 1349K, committed 1408K, reserved 1048576K
Event: 63.989 GC heap after
Heap after GC invocations=154 (full 65):
 PSYoungGen      total 197632K, used 0K [0x00000000eb180000, 0x00000000f8380000, 0x0000000100000000)
  eden space 183296K, 0% used [0x00000000eb180000,0x00000000eb180000,0x00000000f6480000)
  from space 14336K, 0% used [0x00000000f7580000,0x00000000f7580000,0x00000000f8380000)
  to   space 15872K, 0% used [0x00000000f6480000,0x00000000f6480000,0x00000000f7400000)
 ParOldGen       total 685568K, used 496720K [0x00000000c1400000, 0x00000000eb180000, 0x00000000eb180000)
  object space 685568K, 72% used [0x00000000c1400000,0x00000000df9141f8,0x00000000eb180000)
 Metaspace       used 10190K, capacity 10306K, committed 10368K, reserved 1058816K
  class space    used 1320K, capacity 1349K, committed 1408K, reserved 1048576K
}
Event: 63.989 GC heap before
{Heap before GC invocations=155 (full 66):
 PSYoungGen      total 197632K, used 0K [0x00000000eb180000, 0x00000000f8380000, 0x0000000100000000)
  eden space 183296K, 0% used [0x00000000eb180000,0x00000000eb180000,0x00000000f6480000)
  from space 14336K, 0% used [0x00000000f7580000,0x00000000f7580000,0x00000000f8380000)
  to   space 15872K, 0% used [0x00000000f6480000,0x00000000f6480000,0x00000000f7400000)
 ParOldGen       total 685568K, used 496720K [0x00000000c1400000, 0x00000000eb180000, 0x00000000eb180000)
  object space 685568K, 72% used [0x00000000c1400000,0x00000000df9141f8,0x00000000eb180000)
 Metaspace       used 10190K, capacity 10306K, committed 10368K, reserved 1058816K
  class space    used 1320K, capacity 1349K, committed 1408K, reserved 1048576K
Event: 67.699 GC heap after
Heap after GC invocations=155 (full 66):
 PSYoungGen      total 197632K, used 0K [0x00000000eb180000, 0x00000000f8380000, 0x0000000100000000)
  eden space 183296K, 0% used [0x00000000eb180000,0x00000000eb180000,0x00000000f6480000)
  from space 14336K, 0% used [0x00000000f7580000,0x00000000f7580000,0x00000000f8380000)
  to   space 15872K, 0% used [0x00000000f6480000,0x00000000f6480000,0x00000000f7400000)
 ParOldGen       total 685568K, used 496595K [0x00000000c1400000, 0x00000000eb180000, 0x00000000eb180000)
  object space 685568K, 72% used [0x00000000c1400000,0x00000000df8f4d00,0x00000000eb180000)
 Metaspace       used 10186K, capacity 10300K, committed 10368K, reserved 1058816K
  class space    used 1319K, capacity 1348K, committed 1408K, reserved 1048576K
}

